f:\microsoftvisualstudio\source\repos\daq_system\x64\release\tinyxmlerror.obj
f:\microsoftvisualstudio\source\repos\daq_system\x64\release\main.obj
f:\microsoftvisualstudio\source\repos\daq_system\x64\release\daq_system.obj
f:\microsoftvisualstudio\source\repos\daq_system\x64\release\yolov8.obj
f:\microsoftvisualstudio\source\repos\daq_system\x64\release\tinyxml.obj
f:\microsoftvisualstudio\source\repos\daq_system\x64\release\tinystr.obj
f:\microsoftvisualstudio\source\repos\daq_system\x64\release\tinyxmlparser.obj
f:\microsoftvisualstudio\source\repos\daq_system\x64\release\vc142.pdb
f:\microsoftvisualstudio\source\repos\daq_system\x64\release\qrc_daq_system.obj
f:\microsoftvisualstudio\source\repos\daq_system\x64\release\moc_daq_system.obj
f:\microsoftvisualstudio\source\repos\daq_system\x64\release\uic\ui_daq_system.h
f:\microsoftvisualstudio\source\repos\daq_system\x64\release\rcc\qrc_daq_system.cpp
f:\microsoftvisualstudio\source\repos\daq_system\x64\release\moc\moc_daq_system.cpp
f:\microsoftvisualstudio\source\repos\daq_system\x64\release\daq_system.exe
f:\microsoftvisualstudio\source\repos\daq_system\x64\release\daq_system.ilk
f:\microsoftvisualstudio\source\repos\daq_system\x64\release\daq_system.pdb
f:\microsoftvisualstudio\source\repos\daq_system\x64\release\daq_system.tlog\cl.command.1.tlog
f:\microsoftvisualstudio\source\repos\daq_system\x64\release\daq_system.tlog\cl.read.1.tlog
f:\microsoftvisualstudio\source\repos\daq_system\x64\release\daq_system.tlog\cl.write.1.tlog
f:\microsoftvisualstudio\source\repos\daq_system\x64\release\daq_system.tlog\daq_system.write.1u.tlog
f:\microsoftvisualstudio\source\repos\daq_system\x64\release\daq_system.tlog\link.command.1.tlog
f:\microsoftvisualstudio\source\repos\daq_system\x64\release\daq_system.tlog\link.read.1.tlog
f:\microsoftvisualstudio\source\repos\daq_system\x64\release\daq_system.tlog\link.write.1.tlog
f:\microsoftvisualstudio\source\repos\daq_system\x64\release\daq_system.tlog\moc.read.1u.tlog
f:\microsoftvisualstudio\source\repos\daq_system\x64\release\daq_system.tlog\moc.write.1u.tlog
f:\microsoftvisualstudio\source\repos\daq_system\x64\release\daq_system.tlog\rcc.read.1u.tlog
f:\microsoftvisualstudio\source\repos\daq_system\x64\release\daq_system.tlog\rcc.write.1u.tlog
f:\microsoftvisualstudio\source\repos\daq_system\x64\release\daq_system.tlog\uic.read.1u.tlog
f:\microsoftvisualstudio\source\repos\daq_system\x64\release\daq_system.tlog\uic.write.1u.tlog
