d:\visualstudio\repos\single_vision_daq_system\daq_system\x64\release\vc143.pdb
d:\visualstudio\repos\single_vision_daq_system\daq_system\x64\release\qrc_daq_system.obj
d:\visualstudio\repos\single_vision_daq_system\daq_system\x64\release\yolov8.obj
d:\visualstudio\repos\single_vision_daq_system\daq_system\x64\release\daq_system.obj
d:\visualstudio\repos\single_vision_daq_system\daq_system\x64\release\tinystr.obj
d:\visualstudio\repos\single_vision_daq_system\daq_system\x64\release\main.obj
d:\visualstudio\repos\single_vision_daq_system\daq_system\x64\release\tinyxml.obj
d:\visualstudio\repos\single_vision_daq_system\daq_system\x64\release\tinyxmlerror.obj
d:\visualstudio\repos\single_vision_daq_system\daq_system\x64\release\tinyxmlparser.obj
d:\visualstudio\repos\single_vision_daq_system\daq_system\x64\release\kinectworker.obj
d:\visualstudio\repos\single_vision_daq_system\daq_system\x64\release\moc_kinectworker.obj
d:\visualstudio\repos\single_vision_daq_system\daq_system\x64\release\moc_daq_system.obj
d:\visualstudio\repos\single_vision_daq_system\daq_system\x64\release\uic\ui_daq_system.h
d:\visualstudio\repos\single_vision_daq_system\daq_system\x64\release\rcc\qrc_daq_system.cpp
d:\visualstudio\repos\single_vision_daq_system\daq_system\x64\release\moc\moc_daq_system.cpp
d:\visualstudio\repos\single_vision_daq_system\daq_system\x64\release\moc\moc_kinectworker.cpp
d:\visualstudio\repos\single_vision_daq_system\x64\release\daq_system.exe
d:\visualstudio\repos\single_vision_daq_system\x64\release\daq_system.pdb
d:\visualstudio\repos\single_vision_daq_system\x64\release\daq_system.ilk
d:\visualstudio\repos\single_vision_daq_system\daq_system\x64\release\daq_system.tlog\cl.command.1.tlog
d:\visualstudio\repos\single_vision_daq_system\daq_system\x64\release\daq_system.tlog\cl.items.tlog
d:\visualstudio\repos\single_vision_daq_system\daq_system\x64\release\daq_system.tlog\cl.read.1.tlog
d:\visualstudio\repos\single_vision_daq_system\daq_system\x64\release\daq_system.tlog\cl.write.1.tlog
d:\visualstudio\repos\single_vision_daq_system\daq_system\x64\release\daq_system.tlog\daq_system.write.1u.tlog
d:\visualstudio\repos\single_vision_daq_system\daq_system\x64\release\daq_system.tlog\link.command.1.tlog
d:\visualstudio\repos\single_vision_daq_system\daq_system\x64\release\daq_system.tlog\link.read.1.tlog
d:\visualstudio\repos\single_vision_daq_system\daq_system\x64\release\daq_system.tlog\link.secondary.1.tlog
d:\visualstudio\repos\single_vision_daq_system\daq_system\x64\release\daq_system.tlog\link.write.1.tlog
d:\visualstudio\repos\single_vision_daq_system\daq_system\x64\release\daq_system.tlog\moc.read.1u.tlog
d:\visualstudio\repos\single_vision_daq_system\daq_system\x64\release\daq_system.tlog\moc.write.1u.tlog
d:\visualstudio\repos\single_vision_daq_system\daq_system\x64\release\daq_system.tlog\rcc.read.1u.tlog
d:\visualstudio\repos\single_vision_daq_system\daq_system\x64\release\daq_system.tlog\rcc.write.1u.tlog
d:\visualstudio\repos\single_vision_daq_system\daq_system\x64\release\daq_system.tlog\uic.read.1u.tlog
d:\visualstudio\repos\single_vision_daq_system\daq_system\x64\release\daq_system.tlog\uic.write.1u.tlog
