f:\microsoftvisualstudio\source\repos\daq_system\x64\debug\tinyxmlparser.obj
f:\microsoftvisualstudio\source\repos\daq_system\x64\debug\tinyxmlerror.obj
f:\microsoftvisualstudio\source\repos\daq_system\x64\debug\daq_system.obj
f:\microsoftvisualstudio\source\repos\daq_system\x64\debug\tinyxml.obj
f:\microsoftvisualstudio\source\repos\daq_system\x64\debug\yolov8.obj
f:\microsoftvisualstudio\source\repos\daq_system\x64\debug\tinystr.obj
f:\microsoftvisualstudio\source\repos\daq_system\x64\debug\main.obj
f:\microsoftvisualstudio\source\repos\daq_system\x64\debug\vc142.pdb
f:\microsoftvisualstudio\source\repos\daq_system\x64\debug\qrc_daq_system.obj
f:\microsoftvisualstudio\source\repos\daq_system\x64\debug\moc_daq_system.obj
f:\microsoftvisualstudio\source\repos\daq_system\x64\debug\uic\ui_daq_system.h
f:\microsoftvisualstudio\source\repos\daq_system\x64\debug\rcc\qrc_daq_system.cpp
f:\microsoftvisualstudio\source\repos\daq_system\x64\debug\moc\moc_daq_system.cpp
f:\microsoftvisualstudio\source\repos\daq_system\x64\debug\daq_system.exe
f:\microsoftvisualstudio\source\repos\daq_system\x64\debug\daq_system.ilk
f:\microsoftvisualstudio\source\repos\daq_system\x64\debug\daq_system.pdb
f:\microsoftvisualstudio\source\repos\daq_system\x64\debug\daq_system.tlog\cl.command.1.tlog
f:\microsoftvisualstudio\source\repos\daq_system\x64\debug\daq_system.tlog\cl.read.1.tlog
f:\microsoftvisualstudio\source\repos\daq_system\x64\debug\daq_system.tlog\cl.write.1.tlog
f:\microsoftvisualstudio\source\repos\daq_system\x64\debug\daq_system.tlog\daq_system.write.1u.tlog
f:\microsoftvisualstudio\source\repos\daq_system\x64\debug\daq_system.tlog\link.command.1.tlog
f:\microsoftvisualstudio\source\repos\daq_system\x64\debug\daq_system.tlog\link.read.1.tlog
f:\microsoftvisualstudio\source\repos\daq_system\x64\debug\daq_system.tlog\link.write.1.tlog
f:\microsoftvisualstudio\source\repos\daq_system\x64\debug\daq_system.tlog\moc.read.1u.tlog
f:\microsoftvisualstudio\source\repos\daq_system\x64\debug\daq_system.tlog\moc.write.1u.tlog
f:\microsoftvisualstudio\source\repos\daq_system\x64\debug\daq_system.tlog\rcc.read.1u.tlog
f:\microsoftvisualstudio\source\repos\daq_system\x64\debug\daq_system.tlog\rcc.write.1u.tlog
f:\microsoftvisualstudio\source\repos\daq_system\x64\debug\daq_system.tlog\uic.read.1u.tlog
f:\microsoftvisualstudio\source\repos\daq_system\x64\debug\daq_system.tlog\uic.write.1u.tlog
