  DAQ_System.cpp
  main.cpp
F:\PCL 1.12.1-rc1\3rdParty\Eigen\eigen3\Eigen\src\Core\arch\Default\Half.h(1,1): warning C4819: 该文件包含不能在当前代码页(936)中表示的字符。请将该文件保存为 Unicode 格式以防止数据丢失 (编译源文件 DAQ_System.cpp)
F:\PCL 1.12.1-rc1\3rdParty\Eigen\eigen3\Eigen\src\Core\arch\Default\BFloat16.h(1,1): warning C4819: 该文件包含不能在当前代码页(936)中表示的字符。请将该文件保存为 Unicode 格式以防止数据丢失 (编译源文件 DAQ_System.cpp)
F:\PCL 1.12.1-rc1\3rdParty\Eigen\eigen3\Eigen\src\Core\arch\Default\Half.h(1,1): warning C4819: 该文件包含不能在当前代码页(936)中表示的字符。请将该文件保存为 Unicode 格式以防止数据丢失 (编译源文件 main.cpp)
F:\PCL 1.12.1-rc1\3rdParty\Eigen\eigen3\Eigen\src\Core\arch\Default\BFloat16.h(1,1): warning C4819: 该文件包含不能在当前代码页(936)中表示的字符。请将该文件保存为 Unicode 格式以防止数据丢失 (编译源文件 main.cpp)
F:\PCL 1.12.1-rc1\3rdParty\Eigen\eigen3\Eigen\src\Core\arch\Default\GenericPacketMathFunctions.h(676,1): warning C4819: 该文件包含不能在当前代码页(936)中表示的字符。请将该文件保存为 Unicode 格式以防止数据丢失 (编译源文件 DAQ_System.cpp)
F:\PCL 1.12.1-rc1\3rdParty\Eigen\eigen3\Eigen\src\Core\arch\Default\GenericPacketMathFunctions.h(676,1): warning C4819: 该文件包含不能在当前代码页(936)中表示的字符。请将该文件保存为 Unicode 格式以防止数据丢失 (编译源文件 main.cpp)
  moc_DAQ_System.cpp
F:\PCL 1.12.1-rc1\3rdParty\Eigen\eigen3\Eigen\src\Core\arch\Default\Half.h(1,1): warning C4819: 该文件包含不能在当前代码页(936)中表示的字符。请将该文件保存为 Unicode 格式以防止数据丢失
F:\PCL 1.12.1-rc1\3rdParty\Eigen\eigen3\Eigen\src\Core\arch\Default\BFloat16.h(1,1): warning C4819: 该文件包含不能在当前代码页(936)中表示的字符。请将该文件保存为 Unicode 格式以防止数据丢失
F:\PCL 1.12.1-rc1\3rdParty\Eigen\eigen3\Eigen\src\Core\arch\Default\GenericPacketMathFunctions.h(676,1): warning C4819: 该文件包含不能在当前代码页(936)中表示的字符。请将该文件保存为 Unicode 格式以防止数据丢失
  LINK : 没有找到 F:\MicrosoftVisualStudio\Source\Repos\DAQ_System\x64\Debug\DAQ_System.exe 或上一个增量链接没有生成它；正在执行完全链接
qrc_DAQ_System.obj : warning LNK4204: “F:\MicrosoftVisualStudio\Source\Repos\DAQ_System\x64\Debug\vc142.pdb”缺少引用模块的调试信息；正在链接对象，如同没有调试信息一样
YOLOv8.obj : warning LNK4204: “F:\MicrosoftVisualStudio\Source\Repos\DAQ_System\x64\Debug\vc142.pdb”缺少引用模块的调试信息；正在链接对象，如同没有调试信息一样
tinyxmlparser.obj : warning LNK4204: “F:\MicrosoftVisualStudio\Source\Repos\DAQ_System\x64\Debug\vc142.pdb”缺少引用模块的调试信息；正在链接对象，如同没有调试信息一样
tinyxmlerror.obj : warning LNK4204: “F:\MicrosoftVisualStudio\Source\Repos\DAQ_System\x64\Debug\vc142.pdb”缺少引用模块的调试信息；正在链接对象，如同没有调试信息一样
tinyxml.obj : warning LNK4204: “F:\MicrosoftVisualStudio\Source\Repos\DAQ_System\x64\Debug\vc142.pdb”缺少引用模块的调试信息；正在链接对象，如同没有调试信息一样
tinystr.obj : warning LNK4204: “F:\MicrosoftVisualStudio\Source\Repos\DAQ_System\x64\Debug\vc142.pdb”缺少引用模块的调试信息；正在链接对象，如同没有调试信息一样
  DAQ_System.vcxproj -> F:\MicrosoftVisualStudio\Source\Repos\DAQ_System\x64\Debug\DAQ_System.exe
